10944750  13451,8689,155,25687,25372,28752
12028500  21392,16540,11196,13390,21975
12154500  8689,9471,17640,17214,2568,7868,9549,27791
1620500  23735,5833
4716750  2963,2683,29202,13784
4844000  15934,7868,5598,24196,12899
5654000  4775,5896,23861,29231,4571,16939
5780000  15584,10702,18736,5814,21092,155,14261,17214,20979,15534,10014,21336,17061,7061,22313,22556,8842,9111,2128,7071,1461,26523,19421,14065,22529,17959,15315,15811,23928,11022
6061250  10893,28985,11176,16463,22359,29203,19632
6458500  8637
10224750  11679,1481
10229250  23774,24541,8689,22179,24869,23628
10302500  12162,18167,2626,7409,14065,6630,8689,28164,679,26087
1110750  20578,12426,3458
12015000  15138,7552
12173500  554,3627,15534,9817,15405,28184,1325,28370
1971500  27791,14415,13701,14065,26288,7692,25329,7096,3151
2626250  11176,25193
3963750  13020,3809,11176,4949,19421,13737,26614,251,7096,11330,12977,21067
434750  4571,19394,27511,16972,6104,21911,3228,19973
5220750  28438,8689
5254500  24601,22359,21672,7868,3313
6571000  12162,4254,5429,5470
6849750  8049,2199,6757,24886,11679,25733,6246,15584,29099,19394
7703750  8278,18868,18075,27625,18730,8719,527,7542,12394
8149250  12162,11679,2367,11196
8757750  18024,24601,26288
9288000  19394
10696000  19615,14153,25420,20979,1666,14887,11022,3740
11391250  28924
1661750  9802,10840,15315,2729,28221,14020,3151,679
1832000  25687
2771250  476,14694,12606,2513,2963
2852250  14360,27415,11682
3001000  14902,24780,21995,679,4571,11080
3211250  239,17706,3390,11076,27155,15584,3228,6148,16110,12431
3581250  5086,5848,22126,23482
4256500  2410
5034000  29446,7465,10584
5901250  14575,12606
6257000  12285,16540,22749,23563,3740,530,23628,16986
6996000  6305,12165
9720000  1392
10057000  8193
11362000  10240,8693
11687000  8689
12008000  20979,14261,16331,4960
12215000  8637,28463,6672
1969000  12220,18002
2132250  14159
3089500  1917
4770500  28975,15315,24196,9165,10404,24869,2610,18075,6988,20297
4809750  679
7002750  1481,5081
799000  29099,8278,16331,27791
8102000  768
9035750  7850,9881,19973,18024,29099,20661,17977,4479
9163000  26576,6096,11080
9244000  7868
1046250  11396,27791
10768750  19993,6672,17592
12027000  21865
1904750  23928
1906000  1831,9532,16540,2438,12220,9567,2683,12285
1909250  20516,6326,504,26523,18180,14209,10014,24645,23470
2874500  10840,22094,7868,28370
2921750  15934,5324,29547,7105,15584,11201,143,27791
3524750  26871
3849750  9549
4184250  10788,8689,11196,4949,23928,241,14020
4215750  23656,2513,14415,1037,12674,23928,4571
4956000  15315
5108000  155,15094,22556,29547,4254,3627,22359,29203,14020,23628,10193,4571
6874250  12747,2683,11080,15584,14265,647,18805,28410,8637,17214,12168
8040000  22547,8257,24541,17400,17084,10151,239,27205,15138,20300,5429,2655,25372,1335,12541
9344000  17024
10095000  14261,19973,8278,26699,13494
10831750  5640
11434750  18758,20083,10840,7071,9985
2078000  24669,17449,14902,27791
3590000  7567,28924
3787750  26969,7096,2610
5898500  26722,7105
7367000  155,7061,21336,18730,15686,21975,20297,143
7687500  7868,18730,14498,12285,5267
10064500  29099,22583,5799,12220
11340250  25329,14294
11612500  18075,18741,5848
12065000  12453
3035250  11080
3226500  27791
42000  13390
5754500  3954,11790,8307,14020,10282,143,28752
8649250  18024,16939
887500  11080
9173750  16110,15315,11679,16540,12541,13784,14020
9628250  18024,23779
9706000  3809,29099,5067,11487,6364,23340,12168,20297,28653,22094
981000  28270,11176,8689,14153,27160,12394,14020
10054250  19660,4667,10970,11159,1079,20297
1459750  16550,28059
1966250  155,23482,11052,6672,3228,26722,16110,25260,3678,2257
3054250  29203,12285,14020,3151,9563,7248
3293750  26523,25193,18075
3952000  28631,9111,12220,13349,25917,19379,2128,4479,29099,26699
4850000  614,24601
4963500  15534,21092,18002
5082750  17214
5906250  13784,143,27791
10393750  29265,3438,2437
11493000  7868,12453,9072,22727
11894500  26619
12231250  27155,6246
1446250  23482,19751,7105,20297
3188000  9567,16463
3520000  22126,21336,14415,2999,29099,27927,1700,10702,24984,24669,23928,16846,23409,12795,28065,9563,7105
364250  11679
38250  11176,15138,10051,18730,14265
5959000  4078,14153,18805,14242,27791
6247250  28626,10840,679,15814,22736,16918,28631,21975
6564500  18730,16406,4949,14902,11790,11612,11176,26576,12977
7345250  15138,2750
7699500  8719,9802,14182,11679,23928,18730,1031,13592,11793,5848,1222
83250  4220,7409,25329
10047250  12132
11142000  17407,18180
1381000  14261,25329,29099,17958,8724,27637
2428500  17153
380000  554,14174,22094
4102750  20585,10026
4922750  2669,18024
5027500  11201
5769750  24503,16818,26614,143
5847500  21865
6619500  21067,1917,3627,15934
7927750  26288,3032,12674
8129250  18097,8637,7868,25733,7045
10018000  5429,27791,642
10063000  22393,10893,14930
10257500  10893
10309250  11734,9472
11111500  27791
11321750  29547,28481,19891,21672,15645,16110,3775,24486,11793,17060,17013,24869,27205,7997,949,3228,2750,6284,23338,24907,11730
11936000  13020
12337750  21092
1240250  2160,20297
145750  11196,7409,3847,24242
1517000  27205
1812000  28410,21628,11196,7868,19814
2251750  23549
2492500  20979,19005,16939
5012750  2208,7963,13020,5053,11196,10893,1335
5143250  6287,14482,29547,26394,10949,23549,5429,26614,9563
6848750  8689,4307,21336
7545250  13891,11679,3228
8271000  11280
9782000  5086,14902,18758,7248,3151,29364
10069500  4571,8637,18519,10740,15322,2257,7868,19973
10401500  24541,17959,13394,21672,13258,20979,8446,1583,24929,17242,22950,7868,14048,12189,27791,1222,11080
10774750  2899,27791,1577
11874000  11679,29203,4220,18180,1282,5086,16550,12220,18167,13844,10014
1324500  27927,14482,2198,5336,10404,6305,7868
3981750  5185,21565,22280,3228,23143,5053,27791,6520
452750  14796,251,6672,22547,21865,14020,19973
47000  23549,2999
6003750  12285,11679,15414,4750,15584,7737,4949,3390,6680,23628,530,10726,647,7868,5053,8792,23013,23480,18843,2033,2257,2251,19814,11080,22749
7016500  24193
7190750  27791
7320250  26728
7886000  15934,9472,15799
8033500  6113,16939,28653,2471
10261750  17061,21657,8278,19394,18805,1222,28270,3438,23628,14261,15645,14533,16331,17060,18024
10588000  15138,14020
10790500  7105,22126
11730000  21565,13390,5443
11972750  647,15631,7260,4846,17972,21693,7936
1724000  29099
2168250  7868,13494,22749
2870250  17606,4003,15096,7096,14020
3795000  12352,29099
4902250  4709,23628,14360
5052000  16420,7868
6400000  2452,15258,9567,28270,20551,3313
711500  26722,11052,4709,14360,17118
9437500  15584,489,22280
10492250  3228,11061,26464,4949,28752,12606,20045,24984
10609250  7409,8693,20979,5598
1074500  16602,9567,12606
11496750  28898
154500  8689,18805,5863,10353
1953250  14020,3658,12394,25289,2610
2182750  19643,28184
2378500  3228,14153,18937,2669,10014,19974,23774,16722,26619
2920750  27155,7071,23407,12285,22359,26699
3363000  15315,18868
4004500  15315,19686
4054000  9090,11304,24088
4133750  14451,25372,27638
5187750  1481
573000  19615,16653,11080,18868
7103000  12586,15423,5574,11080,15019
7269250  2729,24571,8637,23295,20578,27791
7476250  4571,1037,29099,23284,24907
848500  7286,23628,19891
9794000  642
9906500  8689,23656,155,5185,12394
1140750  17823,14261,6741,22313,2251,19421,7868,12541
11564250  25483,1831,14969,6104,9140
2200750  2610,24506,14020,18741,2655,12285,12674
2688750  155,22749,19814
5239500  14153,14360,16939
5491500  26288,21092,9472,14265,18024,25212
6766250  18805,29547,6988,4307,27791
6957500  13793,22029,23861,14153,15534,16722,29547,5074,9111
7657250  7997,29445,3228
835000  5848,14048,16722,8637,11734,14020,19632,7071,1752
8702500  15138,3390,11196,29547,7105,24780,8257,16540,23779
8949750  16818,17438
9394500  15018,29099,16540,14533,20661
10112000  2471
10322250  28967,5185,10702
11984750  251,3627
1815750  5067
2788750  23628,11176,10702,3804,8842,24907,7096
3149000  9804,9486,29008
3723750  4078,12271,1831,14020,25372,5598
4047000  29446
5968250  29099,16406
6654750  14261,16110,20180,1415
7306250  22359
8145500  21883
8195000  4078,5185,18024,21672,28410,11080
9782500  6352
11552750  27791
11683250  24704,12541,24196
12371000  25086,24541,11776,21372,9111,12394,14294,11543
1699500  16716,24715
1758250  28463,27791,28481
341000  15584
5199750  679
5293250  20506,4571,679
7034000  1392
7163250  8689,9567,17748
7435500  27950,18024,24886
745750  24869,3228
9436000  504,29203
1104500  14294,18678,2683
200250  1831,12352,9620
266500  255,9657,9486,10282
3266750  3228
3310750  15432,25086,23774,11176,3458
3588500  16217,530,23779,21336,8637
4376250  19993,15631,8689,27407,21225
4533750  4324,10908,10970
7003500  11196
764750  14153
8230750  24841,4949
8523250  15934
8633500  5833,8148
8730250  647,911,28876,3228,4571,530,16110,8257,12068,28453,18024,18868,23662,11679,8278,28653
8799750  18024,4571,14261,13592,20826,679,12018
9039750  11196,3228,14580
9199500  29099,24969
9982500  542,9369
3573750  11176,25260,4452,15831,7868
4392000  2610
4423500  24193,4147,9111,11543
4680000  16463
5155750  15018,2999,18805,24669,18024
5238000  21833,15138,2683,9620,15018,527
5440500  11080
5655250  11196,16500,14048,15645,3228
7892000  911,16913,29225,25366,5267,8489
832250  5053,22963,1831,27791,18024,23143
8529750  23013,16939,28059,22583
8940500  4571,11080,251,25917,13784,23928,2655
9972250  7963,15138
10592750  15934,3804
10966250  8689,4949,251,14482,20456
2331750  28985,22126,4709,8689,18805,13390,953,29099,11201,17214,18990,24886,2669,1752,7179,21975,28370,10584,28653,21092
3592750  14694
3675000  1565,9563,16722
3751500  20300,10193,23284
5336750  24669,13494,679,6096
5467250  6287,679,8763
8435250  11679,7105,21067,16110,18730,16540,14261,11080
9121750  25733,18805,5799,4571,7868,19974,2683
9946250  21865,26619
11535500  11679
11632250  25022
1247000  25635
2350750  23779
2882750  11330,29225,4452
2968250  18758,1831,27625,28985,8637,16463,18805
3405000  19974
5226500  3627,8689,22484,23829,7868
5320000  3228
7060500  12287,504,19005,3384
776750  18730,3228,2128,22359,14182,18388,14153,2963,26699
10212500  12927,24081,24788
1025250  13247
2033500  4949,11176,12352,28270,16110,3627,8689,11465
4118250  5185
472000  21565,23584,3515,25333,6211,2963
4809000  1461,9193,27637
4886500  17640,18805
5248750  27035,28924
5745000  26722,4571
7854500  4949,7323,14902,4571,530,11080,12285,19217,8278,12977,7552,527
8216750  24281
10443000  1392,19466,14482,23628
10653250  21392,20180,29203
11078500  18024,9275
11625250  18990,28017,21628,3740
11947000  1758,9522,13103,11080,21911,28967,12162,6505,23482,16865,8719,17959
4454500  4059,28184,26699,27117,15019
5264500  27791
6458250  7692,27205,22280
7600250  11176,4949,8662,3228,24869
7715000  11790,6680,2457,19394
7797000  11196
892500  18741,23403,2669,239,18805,17180,12688
10818500  5334,23779
10915250  18075,12220
1173500  5848,20037,24869,15661,8049,8257,23928,20143
12204750  7963
1338750  12586,9620,845
2076000  3390,24886
2448250  949,24669,12541
2891500  3627,819,11176,8027,14580,4949,255,8724,28370,2257
2940000  24486,11767,12220,25086,25260,14580,2683,26722,12168
4059500  16463
4153000  26523,22621,9567,21883,9111,21865,18075,17835
415500  554,7542
4895250  12068,24541,11638,15423,1335,7248,21067,23779
5899750  18730,12220,21672
7976750  25483,3228
8049000  5067,22749,21092,20979
8628250  29465,20979,14153,28481,5848,26288
10756500  17706
1118250  7061,26665,10970,8278,3068,11176,6672,14294,27346,15584,24306,13494
12016750  18741,7061,15584,28653,7248
1244250  1691,4324
1767500  20180,27977,7409
2386250  1008,948,7061
2752000  12243,11679,3032,26728,22179,3313
439000  16821,24060,3362,2198,3390,7868,26404,25415,3228,647,12287,6104
5962750  2683,3228,5803,7105,16800,27446,17706,11080,9563
7143250  10702,22087,10404,7613,217,24281,28985,29203,13784,15799
9079500  7868,25669,11022
9123500  15138,18678,14694,7061,4324,2610,12168
969750  17823,2963,2367,14020
10539250  4486,1461,14020
11137750  24669,12068,25360,24869,19891,6104
1911500  18730
4259500  29099,9111,23628,12541,11176,15315
4547500  10151,8257
5037000  14796,12068,27791,4571,11196,7868,21140,21067
5279750  2368,20386,3228
5726500  17244
7405250  11330
746000  155,21865,7105,3032,7613
8163500  26959,28438,18868,22621
8215250  25372
9179500  17214,17835,12220,11196,27637
9352750  28759,6548,18075,17133
9807250  18905,7868,6096,26699
9839750  18167
10972250  13672,23779
11158000  28876,11396,25169,21930,8637,15018,21657,239,7868
11494250  11196
11734000  28985
11782250  18002,7127
2088000  21883,10949,2198,13020,13247,15019
3396250  15138,16939
3846250  16722,15584,8719,23143,11679,11882
4115500  6731,26619
4370750  4078,1666,23628
65500  2452,6152,5443,24196,5814,29202,18736
8072250  14894,23143,4078,6098,11196,749,1392,12977,25372,14020
1492500  11679,8637,24886
1528500  29265,18466,3627,22749,5799,1505,4750,24929,23774,18736,28370,23013,22280,21092,7248,12977
1792000  16540,5429,20979,6203
2316250  9688,18180,10948,9657,26288
3317500  8446,7692,17657,25366,22313,27514,7105,3032,1917
417250  12068
4378500  11857,16100
4503500  24193
4876750  949
6126750  25169,25117,15019
7184500  2159,2899,7868,28463,27791,8792,22359,4571,10193,16939,6352
8156500  4078,16420,8842,9620,2198,19974
8528750  16913,15315,27791
9586500  17401,5799,24601,8860
11114000  25372
140500  3627,14625,18730,23779
2364500  21865
3014750  7868
3096750  15315
3511000  13020,29203,14020
4782250  9658,15359,679,8446,10193,27791,10778
5170500  6096,18805,21672,19973,14020
6233750  10948,18180,4220,3458,10584,10014,26619
6848000  24601,26619,12977
8017000  22280,23284,3719,15096
8353250  27205,16331,3438,12285
9076750  17748
9979000  20661,6096,251
10119250  7868,10282
11131750  4039
11794250  28924,29099
3148500  27346,155,22126,16217,28270,12795,14894
3326250  614,24459,10866,9479
3404000  18273,8446,3627,22246,6246,15911,29,905,27791
4625750  3151,11734,25420,26000,14482,24869,22321,530,25366,10840,22749
5110750  18167,7096
6301250  25917,1031,8689,16463,574,8637,12271,8226,11543
6380000  24459
691500  22547,20661,22664,8643,23013,26288,29445,14498,239,19974
7918750  24541,9802,1591,26404,26959
8160750  15308,18529
9513250  18024,26394,23928,9195,23861
9671750  26722
11558000  12674,749
1838750  16818
2198750  12220,18024,5429,13054,16550,12394
267250  5053,11679,679,2367,10690,20297
2807500  19379,3817,18024,1015,1010,18741,10014,27117,12688
2823250  25329,2610
299750  24869,24601,4452,28410,11080,3719,23612
3009000  5627,22393,8724,27117,15019,2033
393250  519,4949
5082500  14020
6807250  22393,13394,25372,27791
7211250  7061,23656
7568750  1831,12285
791500  24831,10329,26665,3627,14712,20297,16606
8346250  16939
8909750  28270
11121500  18024,24601,13049,15799,20297
11129250  11080,949,11280,4949
11527500  27791
1365000  13737,14580
1688750  12220,7248
2103250  13737,4220,20661,7567,12394,13592,23549,14902,22280,11022
3684750  16754,16463
3799500  21768
448250  15911
4631250  29099,15934,13103
4712250  18388,20902
5522250  15315,4479
5957500  24966
6904000  9111
731750  9195,7692,11196,15924
9215000  14294
11352000  12352,7096
12331000  11330,21758,18180,7542,26614
1622500  12285,8148,22027,14020,19179
1710500  28065,14780
2232500  24929,14261,679
252500  23656,18805,23861
3010000  4220,13975
4317250  22029
4475750  12068,8689,4949,18024,3719,20551,13592,20536,23774,18805
5078750  25669,23628,7260,554,17959,4949,10329,14580,13592,25329,21657,9111,18990,5310,27625,9549,7096,7465,1031,679
5910250  28525
621500  19973,1008,11176,29099,2683,22034,6326,23861,3308,18024,25260,7868
6264750  1415
6266000  23774
6921750  19197,2367,7868
7445000  18075,16463
8910750  29078,10948,27514,11330,24929,18167,5598,12688,26614
9651250  5639,1598
9685000  5403
9716500  28065
9842500  21995,10726,18805,25086,7380,10908
10642000  16754,11176,20536,26728,251,21334,7567,3627,27625,7576,5053,2655
1194750  25169,20551,679,4059,83,25366,3068,21092,8637,3627,24669,7400
1531250  22179,4078
1782250  18024,14415,2568,155
2704750  5764,13592,3228,22359,3658,11547
3304500  4931,3804,18086,25169,6158,29099,3592,17512,16540,24461,4324,13554,5081,22269,17228
5256500  20679,3775,614
567250  11080,27791,949,19615,7868,7105
5751500  11679,5336,2033,1392,23928,24869,12977,14873
599750  12285,9657,18990,530,20297
6571750  16540,17706,9193,155
7383000  27791
887750  15934,28270,17237,15019
10533750  27346,24601,3032,14261,19974,13451
1165500  15423
1181250  23284,18932,7465,22749
12275500  21930,5429,9563
2480750  23284,20979
3742000  14482,2669,23656,8643,26168,5336,13020
8243500  4949,949,24869,4479,3390,14048,11776,17060,18075,29099,4931,11196,8489
8324500  9657,18741,14020
9351750  11080,14580
9592500  9549,26665
984500  18730,28985,2513,27791
10185000  7868
10264750  29203
11440500  15584,16540,2179,7936,26576
1189000  6548,16361,23612,16818,23628,27615
11896000  12068
1806750  26394
19500  27927,19421,20551,5086,14048,7096
2050000  10702,11022,26866
232000  7105,7868,21865
2988000  6548,12606,15828,17133,22482
3216500  28992,2963,27168
3719250  3362,4960
5139250  21336,11080,17959
6852750  4949,16939,12285
764000  18990
8314250  11196,27618
11949750  10353,2198,29547,16519,13554,25177,5403
12234750  4078,10893,949,29465,22126,21632,26614,25372
12239250  12271,26288,20519
3288250  19394,5592,4750
3977750  1461,13975,17060
4921000  23549,3032,19974,14048,1031
5024500  17748,14265,9802,15138,12977
5812000  19993,19759,20506,679,2683,4039,11465
6172000  24704
6713250  2367,14261,18805,18879,1758,5185,24541,27625,24344
7361250  24541,28410
7921500  15534,22556,22583,28087,23612,12674
9394250  17060,14894,28899,3228,9563,29203,7105
10592000  19973,1335
11307500  12068,18167,20300,22359
12384250  3658
2253250  28975,527,1031
4189500  9165
4399750  23207
5915250  15138,14242,2367
6234000  4220,4571,18051,17020,21372,16463
6683750  29203,5267
7830250  554,17237
8096750  24887,3228,23628,26288,21672,5267
10000250  17153,19974,9563,5598
10566000  7868
10598500  155,7105,11776,9563
10773000  19615,2999,9486,2257,8724,18736,12977
11711250  1392,21338,6175,28453,9609,10866,3719,23861,24942
12229000  17389,12588
1617250  1505,23284,18002,28463,11951,7061,27791
2756000  2198,21092
4257000  11196,27625
4304250  679,7868,14902,24929,16846
4336750  16463
4658500  27625,25917,18075,10948,11330,12606,17453
6497000  20747
6780500  10893,29099,4571
8111500  11080,527
10297000  25058,18075,27056
10713250  1031
11313000  7456,11196,21865,17013,27406,27791
12004000  7680,15307,16463,5081
12377250  2729,22313,22556,3151,14020,8689,18075,5799
1724250  23198,7868,15269,3228
4035250  11159
4193750  23779,21657
5539250  155,7868,8689,18075
5697750  476,27791,2367
6272000  2803,17400,12055
6998500  1031
7116750  10308,24503,12541,14930,27637
7323750  11196,3458
8617500  28270,27625,4571,11280,26619
10234000  4039,10970,14261,25086,9111,3719,28975,15019,28653,14020
1074750  12285,11904,21865,12220,22556,14580,3699,10171,647,11080,527,12747
10976250  11679,14580,12285,14482
11283500  12220,16463
154750  11196
1727500  3228,4452,7812,9563
3282250  11857,29099,27638
528250  8693,155,7096,12977,2963
5846250  18200,1831
69500  18730,1917,15315,6352
7218000  15859,21936,24669,10702,22317,7096,11201
7588000  5848,28975,7105,10329,28653
8555500  29078,19379,10741,1282,27615,7762,4738,18180,5598,25372
10578000  26523,28992
11220500  12285
11590500  18741,17512,17127
1629250  21392,19891,21758,24601,18024,29099,24196
2187500  27394,6158,23628,29203
3625250  21372,18180,5625,26614
3861500  20470,7868
3913250  8409,12220,9948,8689,9230,9242,14020
4073250  12271,27415,17153
6099250  13244,11823
620500  6352,4571
8123500  1591
10628500  5652,18075,4039,23928,398,21092,27035,20386,23549,27791,21336,21930,22313,7045,12285,18736,20297,16463,27117,19632,24869,13784,26619,14294
11535250  2257,16463
12061000  16463
12417500  16913,15831,16406,15138,29099,3438,8689,7061,7963,16846,24601,17959,18024
309750  15365,20902
3644250  7127,16406,4775,29473,18843,4381
5011500  20180,11196,23013,22280,23779
5226250  15907,10726,24669,8689,21865
5999000  26523,5081,14265,10908
6412250  7260
6700250  8719,9549
725000  20902,17835
854250  4571,23549,9881
1086750  1084,18977,7868
11169500  953,15584,2198,4220,10014,19217
11957000  17060,17242,21995,16818,23907,12977
3249250  26394,2513,12394
4063000  19974
4967250  6101,7868,12431
5693000  2655
6751750  1008,16243,3658,3068
7322250  23861
9512750  11080,4239,27205,23779
9802000  5883,24601
11601500  12220,11080
3344750  17748,28177,11022,4452,18290,5310,28463,7542,3313,26614,24196
3954500  15584
4195500  20456,27407,9802,12285,18905,15315,7737,18097
425500  12285,22094
4852500  16500,911,26288,5848,10151,24541,11665,7542
5261000  13592,24788,15308,1591,21581
6150750  15831,18185,26523
6155250  4220,7850,4059,15661,29203,14020
7375000  11201,11857
8216500  25329,22552,28481,6148,27791,14159
8845250  17214,22484,4039,18736,23928,554,11826,28653,16722,12008,14020
9694750  14550,15383
11300000  8689,18024,2963,13701
11579750  12688
11701500  26679
1579250  21160,5336,7105,4953,4078,13737
1793250  21067,4949,2033,679
203750  18075,25372,12977
2797750  28270,20595,3658,11790
282500  12055,2683
4907500  11196,24196,5086
5440750  16243,20045,19862,2963
7810250  8637
8280500  17972,16674
8573000  6158,28049
861750  23284,27791
9055750  11201,18024
1063000  28481,24929,20551,530,22280,24196,15019,22749
11225500  24869,16463,13020,23342
1561250  14261,13891,14153,3804,251,7096,12352,17706
2975500  12352,19745,14153,5086,14902,16406
3350250  18736,24765,1672,3384,25420
418500  18002,15138
5865750  1031,3228,10268,28177,911
6634500  9454
7785250  12132,11790
7898750  26894
8060000  18024
8385000  7680,9111,19217,504,3458,18080,16463,23284
11503250  504
11747250  282,11244,16918,9111,10840,26523,12285,18730,7692,4960,679,4571,155,9620,251,14048,17959,9563
12386500  2367
3031750  21565,7323,18131,16110,16406,29099,18388,11263,26288,12977,14020
3114000  21092,23928,2655,20536
4256000  18741,7692,16331,14153,27791,11679
5354000  18024,18990,20180,10014
563500  9620,10778,12426,5260,20300,23928,23284,3658,16939,19632
5642000  10726,7812,10840,11080,14873
6412750  14580,3719,15019
6572500  29099
10052000  7680,22280,22126,143
11761750  554,28975
3903500  1392
5292000  25669,8643,23779,19974
5407750  16821,6352
5742000  5593,29465,19523
5952250  5067
6258500  12068
7450000  8637,20661,14261,29202,27791,12977
8051750  7936,21911
8100250  7868
9069000  22393,28017,9620,19217,19937
10312750  24503,6672,15934,7868,2899,3627,20164,20367,9620,4949,5185,17547,25260,12352,9563
10521000  9472,7868
1525000  9620,11196,2257
236000  8637
239250  28481,18990
5059000  9195
6694750  20456,24196,3151,18730,9472,5053,12977,14020,12352